(base) ➜  VBMicrolensing git:(feature/unit-tests) pytest        
::notice::VBMicrolensing extension loaded from /Users/malpas.1/Code/VBMicrolensing/build/VBMicrolensing.so
================================== test session starts ==================================
platform darwin -- Python 3.12.2, pytest-8.4.1, pluggy-1.6.0
rootdir: /Users/malpas.1/Code/VBMicrolensing
configfile: pyproject.toml
plugins: asyncio-1.1.0, doctestplus-1.4.0, cov-6.2.1, anyio-4.2.0
asyncio: mode=Mode.STRICT, asyncio_default_fixture_loop_scope=None, asyncio_default_test_loop_scope=function
collected 15 items                                                                      

tests/test_vbmicrolensing.py ..........                                           [ 66%]
tests/test_vbmicrolensing_expectations.py xxxxx                                   [100%]

============================= 10 passed, 5 xfailed in 3.74s =============================